2026-06-11 18:35:41.163 - RealTimeSTT: realtimestt - INFO - Starting RealTimeSTT
2026-06-11 18:35:41.173 - RealTimeSTT: realtimestt - INFO - Initializing audio recording (creating pyAudio input stream, sample rate: 16000 buffer size: 512
2026-06-11 18:35:41.182 - RealTimeSTT: realtimestt - INFO - Initializing faster_whisper realtime transcription model tiny.en, default device: cpu, compute type: int8, device index: 0, download root: None
2026-06-11 18:35:41.184 - RealTimeSTT: realtimestt - ERROR - Error initializing faster_whisper realtime transcription model: The 'faster_whisper' transcription engine requires the optional 'faster-whisper' package. Install it with 'pip install "RealtimeSTT[faster-whisper]"' or select a different transcription engine.
Traceback (most recent call last):
  File "D:\Speach to text\.venv\Lib\site-packages\RealtimeSTT\transcription_engines\faster_whisper_engine.py", line 20, in _load_faster_whisper
    faster_whisper = import_module("faster_whisper")
                     ^^^^^^^^^^^^^^^^^^^^^^^^^^^^^^^
  File "C:\Users\adept\AppData\Roaming\uv\python\cpython-3.11-windows-x86_64-none\Lib\importlib\__init__.py", line 126, in import_module
    return _bootstrap._gcd_import(name[level:], package, level)
           ^^^^^^^^^^^^^^^^^^^^^^^^^^^^^^^^^^^^^^^^^^^^^^^^^^^^
  File "<frozen importlib._bootstrap>", line 1204, in _gcd_import
  File "<frozen importlib._bootstrap>", line 1176, in _find_and_load
  File "<frozen importlib._bootstrap>", line 1140, in _find_and_load_unlocked
ModuleNotFoundError: No module named 'faster_whisper'

The above exception was the direct cause of the following exception:

Traceback (most recent call last):
  File "D:\Speach to text\.venv\Lib\site-packages\RealtimeSTT\core\initialization.py", line 466, in _initialize_realtime_transcription_model
    recorder.realtime_transcription_model = create_transcription_engine(
                                            ^^^^^^^^^^^^^^^^^^^^^^^^^^^^
  File "D:\Speach to text\.venv\Lib\site-packages\RealtimeSTT\transcription_engines\factory.py", line 61, in create_transcription_engine
    return engine_cls(config)
           ^^^^^^^^^^^^^^^^^^
  File "D:\Speach to text\.venv\Lib\site-packages\RealtimeSTT\transcription_engines\faster_whisper_engine.py", line 44, in __init__
    faster_whisper, batched_inference_pipeline = _load_faster_whisper()
                                                 ^^^^^^^^^^^^^^^^^^^^^^
  File "D:\Speach to text\.venv\Lib\site-packages\RealtimeSTT\transcription_engines\faster_whisper_engine.py", line 22, in _load_faster_whisper
    raise TranscriptionEngineError(
RealtimeSTT.transcription_engines.base.TranscriptionEngineError: The 'faster_whisper' transcription engine requires the optional 'faster-whisper' package. Install it with 'pip install "RealtimeSTT[faster-whisper]"' or select a different transcription engine.
2026-06-11 18:35:43.467 - RealTimeSTT: realtimestt - INFO - Starting RealTimeSTT
2026-06-11 18:35:43.485 - RealTimeSTT: realtimestt - INFO - Starting RealTimeSTT
2026-06-11 18:37:20.505 - RealTimeSTT: realtimestt - INFO - Starting RealTimeSTT
2026-06-11 18:37:20.516 - RealTimeSTT: realtimestt - INFO - Initializing audio recording (creating pyAudio input stream, sample rate: 16000 buffer size: 512
2026-06-11 18:37:20.523 - RealTimeSTT: realtimestt - INFO - Initializing WebRTC voice with Sensitivity 3
2026-06-11 18:37:20.523 - RealTimeSTT: realtimestt - DEBUG - WebRTC VAD voice activity detection engine initialized successfully
2026-06-11 18:37:20.524 - RealTimeSTT: realtimestt - DEBUG - Silero VAD auto backend raw_onnx_ifless unavailable
Traceback (most recent call last):
  File "D:\Speach to text\.venv\Lib\site-packages\RealtimeSTT\core\silero_vad.py", line 176, in _create_auto_vad
    return _create_raw_onnx_vad(
           ^^^^^^^^^^^^^^^^^^^^^
  File "D:\Speach to text\.venv\Lib\site-packages\RealtimeSTT\core\silero_vad.py", line 225, in _create_raw_onnx_vad
    raise SileroVadError(
RealtimeSTT.core.silero_vad.SileroVadError: Could not find silero_vad_op18_ifless.onnx in the installed silero_vad package or the local torch hub cache. Install 'silero-vad' or pass silero_onnx_model_path.
2026-06-11 18:37:20.524 - RealTimeSTT: realtimestt - DEBUG - Silero VAD auto backend raw_onnx unavailable
Traceback (most recent call last):
  File "D:\Speach to text\.venv\Lib\site-packages\RealtimeSTT\core\silero_vad.py", line 176, in _create_auto_vad
    return _create_raw_onnx_vad(
           ^^^^^^^^^^^^^^^^^^^^^
  File "D:\Speach to text\.venv\Lib\site-packages\RealtimeSTT\core\silero_vad.py", line 225, in _create_raw_onnx_vad
    raise SileroVadError(
RealtimeSTT.core.silero_vad.SileroVadError: Could not find silero_vad.onnx in the installed silero_vad package or the local torch hub cache. Install 'silero-vad' or pass silero_onnx_model_path.
2026-06-11 18:37:34.677 - RealTimeSTT: realtimestt - DEBUG - Silero VAD voice activity detection engine initialized successfully with backend pytorch_cpu
2026-06-11 18:37:34.773 - RealTimeSTT: realtimestt - DEBUG - Starting realtime worker
2026-06-11 18:37:34.773 - RealTimeSTT: realtimestt - DEBUG - Waiting for main transcription model to start
2026-06-11 18:37:34.773 - RealTimeSTT: realtimestt - DEBUG - Realtime transcription disabled; realtime worker exits
2026-06-11 18:37:34.773 - RealTimeSTT: realtimestt - WARNING - Audio queue size exceeds latency limit. Current size: 323. Discarding old audio chunks.
2026-06-11 18:37:34.773 - RealTimeSTT: realtimestt - DEBUG - Main transcription model ready
2026-06-11 18:37:34.773 - RealTimeSTT: realtimestt - DEBUG - RealtimeSTT initialization completed successfully
2026-06-11 18:37:34.773 - RealTimeSTT: realtimestt - INFO - Setting listen time
2026-06-11 18:37:34.773 - RealTimeSTT: realtimestt - INFO - State changed from 'inactive' to 'listening'
2026-06-11 18:37:34.779 - RealTimeSTT: realtimestt - DEBUG - Waiting for recording start
2026-06-11 18:37:37.855 - RealTimeSTT: realtimestt - INFO - voice activity detected
2026-06-11 18:37:37.855 - RealTimeSTT: realtimestt - INFO - recording started
2026-06-11 18:37:37.856 - RealTimeSTT: realtimestt - INFO - State changed from 'listening' to 'recording'
2026-06-11 18:37:37.856 - RealTimeSTT: realtimestt - DEBUG - Waiting for recording stop
2026-06-11 18:37:40.735 - RealTimeSTT: realtimestt - INFO - recording stopped
2026-06-11 18:37:40.737 - RealTimeSTT: realtimestt - DEBUG - No samples removed, final audio length: 62464
2026-06-11 18:37:40.737 - RealTimeSTT: realtimestt - INFO - State changed from 'recording' to 'inactive'
2026-06-11 18:37:40.758 - RealTimeSTT: realtimestt - INFO - State changed from 'inactive' to 'transcribing'
2026-06-11 18:37:40.760 - RealTimeSTT: realtimestt - DEBUG - Adding transcription request, no early transcription started
2026-06-11 18:37:40.781 - RealTimeSTT: realtimestt - DEBUG - Receive from parent_transcription_pipe after sendiung transcription request, transcribe_count: 1
2026-06-11 18:37:40.886 - RealTimeSTT: realtimestt - DEBUG - Receive from parent_transcription_pipe after sendiung transcription request, transcribe_count: 1
2026-06-11 18:37:40.996 - RealTimeSTT: realtimestt - DEBUG - Receive from parent_transcription_pipe after sendiung transcription request, transcribe_count: 1
2026-06-11 18:37:41.106 - RealTimeSTT: realtimestt - DEBUG - Receive from parent_transcription_pipe after sendiung transcription request, transcribe_count: 1
2026-06-11 18:37:41.215 - RealTimeSTT: realtimestt - DEBUG - Receive from parent_transcription_pipe after sendiung transcription request, transcribe_count: 1
2026-06-11 18:37:41.323 - RealTimeSTT: realtimestt - DEBUG - Receive from parent_transcription_pipe after sendiung transcription request, transcribe_count: 1
2026-06-11 18:37:41.433 - RealTimeSTT: realtimestt - DEBUG - Receive from parent_transcription_pipe after sendiung transcription request, transcribe_count: 1
2026-06-11 18:37:41.541 - RealTimeSTT: realtimestt - DEBUG - Receive from parent_transcription_pipe after sendiung transcription request, transcribe_count: 1
2026-06-11 18:37:41.651 - RealTimeSTT: realtimestt - DEBUG - Receive from parent_transcription_pipe after sendiung transcription request, transcribe_count: 1
2026-06-11 18:37:41.760 - RealTimeSTT: realtimestt - DEBUG - Receive from parent_transcription_pipe after sendiung transcription request, transcribe_count: 1
2026-06-11 18:37:41.869 - RealTimeSTT: realtimestt - DEBUG - Receive from parent_transcription_pipe after sendiung transcription request, transcribe_count: 1
2026-06-11 18:37:41.979 - RealTimeSTT: realtimestt - DEBUG - Receive from parent_transcription_pipe after sendiung transcription request, transcribe_count: 1
2026-06-11 18:37:42.088 - RealTimeSTT: realtimestt - DEBUG - Receive from parent_transcription_pipe after sendiung transcription request, transcribe_count: 1
2026-06-11 18:37:42.199 - RealTimeSTT: realtimestt - DEBUG - Receive from parent_transcription_pipe after sendiung transcription request, transcribe_count: 1
2026-06-11 18:37:42.273 - RealTimeSTT: realtimestt - INFO - State changed from 'transcribing' to 'inactive'
2026-06-11 18:37:42.291 - RealTimeSTT: realtimestt - DEBUG - Model base completed transcription in 1.53 seconds
2026-06-11 18:37:42.292 - RealTimeSTT: realtimestt - INFO - Setting listen time
2026-06-11 18:37:42.292 - RealTimeSTT: realtimestt - INFO - State changed from 'inactive' to 'listening'
2026-06-11 18:37:42.293 - RealTimeSTT: realtimestt - DEBUG - Waiting for recording start
2026-06-11 18:37:44.639 - RealTimeSTT: realtimestt - INFO - voice activity detected
2026-06-11 18:37:44.639 - RealTimeSTT: realtimestt - INFO - recording started
2026-06-11 18:37:44.639 - RealTimeSTT: realtimestt - INFO - State changed from 'listening' to 'recording'
2026-06-11 18:37:44.641 - RealTimeSTT: realtimestt - DEBUG - Waiting for recording stop
2026-06-11 18:37:50.399 - RealTimeSTT: realtimestt - INFO - recording stopped
2026-06-11 18:37:50.404 - RealTimeSTT: realtimestt - DEBUG - No samples removed, final audio length: 108544
2026-06-11 18:37:50.404 - RealTimeSTT: realtimestt - INFO - State changed from 'recording' to 'inactive'
2026-06-11 18:37:50.446 - RealTimeSTT: realtimestt - INFO - State changed from 'inactive' to 'transcribing'
2026-06-11 18:37:50.446 - RealTimeSTT: realtimestt - DEBUG - Adding transcription request, no early transcription started
2026-06-11 18:37:50.457 - RealTimeSTT: realtimestt - DEBUG - Receive from parent_transcription_pipe after sendiung transcription request, transcribe_count: 1
2026-06-11 18:37:50.566 - RealTimeSTT: realtimestt - DEBUG - Receive from parent_transcription_pipe after sendiung transcription request, transcribe_count: 1
2026-06-11 18:37:50.672 - RealTimeSTT: realtimestt - DEBUG - Receive from parent_transcription_pipe after sendiung transcription request, transcribe_count: 1
2026-06-11 18:37:50.783 - RealTimeSTT: realtimestt - DEBUG - Receive from parent_transcription_pipe after sendiung transcription request, transcribe_count: 1
2026-06-11 18:37:50.893 - RealTimeSTT: realtimestt - DEBUG - Receive from parent_transcription_pipe after sendiung transcription request, transcribe_count: 1
2026-06-11 18:37:51.001 - RealTimeSTT: realtimestt - DEBUG - Receive from parent_transcription_pipe after sendiung transcription request, transcribe_count: 1
2026-06-11 18:37:51.109 - RealTimeSTT: realtimestt - DEBUG - Receive from parent_transcription_pipe after sendiung transcription request, transcribe_count: 1
2026-06-11 18:37:51.220 - RealTimeSTT: realtimestt - DEBUG - Receive from parent_transcription_pipe after sendiung transcription request, transcribe_count: 1
2026-06-11 18:37:51.330 - RealTimeSTT: realtimestt - DEBUG - Receive from parent_transcription_pipe after sendiung transcription request, transcribe_count: 1
2026-06-11 18:37:51.438 - RealTimeSTT: realtimestt - DEBUG - Receive from parent_transcription_pipe after sendiung transcription request, transcribe_count: 1
2026-06-11 18:37:51.547 - RealTimeSTT: realtimestt - DEBUG - Receive from parent_transcription_pipe after sendiung transcription request, transcribe_count: 1
2026-06-11 18:37:51.657 - RealTimeSTT: realtimestt - DEBUG - Receive from parent_transcription_pipe after sendiung transcription request, transcribe_count: 1
2026-06-11 18:37:51.765 - RealTimeSTT: realtimestt - DEBUG - Receive from parent_transcription_pipe after sendiung transcription request, transcribe_count: 1
2026-06-11 18:37:51.875 - RealTimeSTT: realtimestt - DEBUG - Receive from parent_transcription_pipe after sendiung transcription request, transcribe_count: 1
2026-06-11 18:37:51.961 - RealTimeSTT: realtimestt - INFO - State changed from 'transcribing' to 'inactive'
2026-06-11 18:37:51.975 - RealTimeSTT: realtimestt - DEBUG - Model base completed transcription in 1.53 seconds
2026-06-11 18:37:51.975 - RealTimeSTT: realtimestt - INFO - Setting listen time
2026-06-11 18:37:51.976 - RealTimeSTT: realtimestt - INFO - State changed from 'inactive' to 'listening'
2026-06-11 18:37:51.977 - RealTimeSTT: realtimestt - DEBUG - Waiting for recording start
2026-06-11 18:37:56.097 - RealTimeSTT: realtimestt - INFO - voice activity detected
2026-06-11 18:37:56.097 - RealTimeSTT: realtimestt - INFO - recording started
2026-06-11 18:37:56.097 - RealTimeSTT: realtimestt - INFO - State changed from 'listening' to 'recording'
2026-06-11 18:37:56.097 - RealTimeSTT: realtimestt - DEBUG - Waiting for recording stop
2026-06-11 18:38:00.640 - RealTimeSTT: realtimestt - INFO - recording stopped
2026-06-11 18:38:00.643 - RealTimeSTT: realtimestt - DEBUG - No samples removed, final audio length: 89088
2026-06-11 18:38:00.643 - RealTimeSTT: realtimestt - INFO - State changed from 'recording' to 'inactive'
2026-06-11 18:38:00.692 - RealTimeSTT: realtimestt - INFO - State changed from 'inactive' to 'transcribing'
2026-06-11 18:38:00.694 - RealTimeSTT: realtimestt - DEBUG - Adding transcription request, no early transcription started
2026-06-11 18:38:00.703 - RealTimeSTT: realtimestt - DEBUG - Receive from parent_transcription_pipe after sendiung transcription request, transcribe_count: 1
2026-06-11 18:38:00.807 - RealTimeSTT: realtimestt - DEBUG - Receive from parent_transcription_pipe after sendiung transcription request, transcribe_count: 1
2026-06-11 18:38:00.917 - RealTimeSTT: realtimestt - DEBUG - Receive from parent_transcription_pipe after sendiung transcription request, transcribe_count: 1
2026-06-11 18:38:01.026 - RealTimeSTT: realtimestt - DEBUG - Receive from parent_transcription_pipe after sendiung transcription request, transcribe_count: 1
2026-06-11 18:38:01.135 - RealTimeSTT: realtimestt - DEBUG - Receive from parent_transcription_pipe after sendiung transcription request, transcribe_count: 1
2026-06-11 18:38:01.243 - RealTimeSTT: realtimestt - DEBUG - Receive from parent_transcription_pipe after sendiung transcription request, transcribe_count: 1
2026-06-11 18:38:01.353 - RealTimeSTT: realtimestt - DEBUG - Receive from parent_transcription_pipe after sendiung transcription request, transcribe_count: 1
2026-06-11 18:38:01.462 - RealTimeSTT: realtimestt - DEBUG - Receive from parent_transcription_pipe after sendiung transcription request, transcribe_count: 1
2026-06-11 18:38:01.571 - RealTimeSTT: realtimestt - DEBUG - Receive from parent_transcription_pipe after sendiung transcription request, transcribe_count: 1
2026-06-11 18:38:01.680 - RealTimeSTT: realtimestt - DEBUG - Receive from parent_transcription_pipe after sendiung transcription request, transcribe_count: 1
2026-06-11 18:38:01.790 - RealTimeSTT: realtimestt - DEBUG - Receive from parent_transcription_pipe after sendiung transcription request, transcribe_count: 1
2026-06-11 18:38:01.896 - RealTimeSTT: realtimestt - DEBUG - Receive from parent_transcription_pipe after sendiung transcription request, transcribe_count: 1
2026-06-11 18:38:02.007 - RealTimeSTT: realtimestt - DEBUG - Receive from parent_transcription_pipe after sendiung transcription request, transcribe_count: 1
2026-06-11 18:38:02.116 - RealTimeSTT: realtimestt - DEBUG - Receive from parent_transcription_pipe after sendiung transcription request, transcribe_count: 1
2026-06-11 18:38:02.156 - RealTimeSTT: realtimestt - INFO - State changed from 'transcribing' to 'inactive'
2026-06-11 18:38:02.166 - RealTimeSTT: realtimestt - DEBUG - Model base completed transcription in 1.47 seconds
2026-06-11 18:38:02.167 - RealTimeSTT: realtimestt - INFO - Setting listen time
2026-06-11 18:38:02.167 - RealTimeSTT: realtimestt - INFO - State changed from 'inactive' to 'listening'
2026-06-11 18:38:02.168 - RealTimeSTT: realtimestt - DEBUG - Waiting for recording start
2026-06-11 18:38:03.967 - RealTimeSTT: realtimestt - INFO - voice activity detected
2026-06-11 18:38:03.967 - RealTimeSTT: realtimestt - INFO - recording started
2026-06-11 18:38:03.967 - RealTimeSTT: realtimestt - INFO - State changed from 'listening' to 'recording'
2026-06-11 18:38:03.969 - RealTimeSTT: realtimestt - DEBUG - Waiting for recording stop
2026-06-11 18:38:09.856 - RealTimeSTT: realtimestt - INFO - recording stopped
2026-06-11 18:38:09.859 - RealTimeSTT: realtimestt - DEBUG - No samples removed, final audio length: 110592
2026-06-11 18:38:09.859 - RealTimeSTT: realtimestt - INFO - State changed from 'recording' to 'inactive'
2026-06-11 18:38:09.910 - RealTimeSTT: realtimestt - INFO - State changed from 'inactive' to 'transcribing'
2026-06-11 18:38:09.912 - RealTimeSTT: realtimestt - DEBUG - Adding transcription request, no early transcription started
2026-06-11 18:38:09.924 - RealTimeSTT: realtimestt - DEBUG - Receive from parent_transcription_pipe after sendiung transcription request, transcribe_count: 1
2026-06-11 18:38:10.029 - RealTimeSTT: realtimestt - DEBUG - Receive from parent_transcription_pipe after sendiung transcription request, transcribe_count: 1
2026-06-11 18:38:10.138 - RealTimeSTT: realtimestt - DEBUG - Receive from parent_transcription_pipe after sendiung transcription request, transcribe_count: 1
2026-06-11 18:38:10.248 - RealTimeSTT: realtimestt - DEBUG - Receive from parent_transcription_pipe after sendiung transcription request, transcribe_count: 1
2026-06-11 18:38:10.358 - RealTimeSTT: realtimestt - DEBUG - Receive from parent_transcription_pipe after sendiung transcription request, transcribe_count: 1
2026-06-11 18:38:10.466 - RealTimeSTT: realtimestt - DEBUG - Receive from parent_transcription_pipe after sendiung transcription request, transcribe_count: 1
2026-06-11 18:38:10.575 - RealTimeSTT: realtimestt - DEBUG - Receive from parent_transcription_pipe after sendiung transcription request, transcribe_count: 1
2026-06-11 18:38:10.683 - RealTimeSTT: realtimestt - DEBUG - Receive from parent_transcription_pipe after sendiung transcription request, transcribe_count: 1
2026-06-11 18:38:10.793 - RealTimeSTT: realtimestt - DEBUG - Receive from parent_transcription_pipe after sendiung transcription request, transcribe_count: 1
2026-06-11 18:38:10.902 - RealTimeSTT: realtimestt - DEBUG - Receive from parent_transcription_pipe after sendiung transcription request, transcribe_count: 1
2026-06-11 18:38:11.012 - RealTimeSTT: realtimestt - DEBUG - Receive from parent_transcription_pipe after sendiung transcription request, transcribe_count: 1
2026-06-11 18:38:11.121 - RealTimeSTT: realtimestt - DEBUG - Receive from parent_transcription_pipe after sendiung transcription request, transcribe_count: 1
2026-06-11 18:38:11.232 - RealTimeSTT: realtimestt - DEBUG - Receive from parent_transcription_pipe after sendiung transcription request, transcribe_count: 1
2026-06-11 18:38:11.341 - RealTimeSTT: realtimestt - DEBUG - Receive from parent_transcription_pipe after sendiung transcription request, transcribe_count: 1
2026-06-11 18:38:11.449 - RealTimeSTT: realtimestt - INFO - State changed from 'transcribing' to 'inactive'
2026-06-11 18:38:11.487 - RealTimeSTT: realtimestt - DEBUG - Model base completed transcription in 1.57 seconds
2026-06-11 18:38:11.488 - RealTimeSTT: realtimestt - INFO - Setting listen time
2026-06-11 18:38:11.488 - RealTimeSTT: realtimestt - INFO - State changed from 'inactive' to 'listening'
2026-06-11 18:38:11.489 - RealTimeSTT: realtimestt - DEBUG - Waiting for recording start
2026-06-11 18:38:14.179 - RealTimeSTT: realtimestt - INFO - KeyboardInterrupt in wait_audio, shutting down
2026-06-11 18:38:14.179 - RealTimeSTT: realtimestt - DEBUG - Finishing recording thread
2026-06-11 18:38:14.195 - RealTimeSTT: realtimestt - DEBUG - Terminating reader process
2026-06-11 18:38:14.216 - RealTimeSTT: realtimestt - DEBUG - Receive from stdout pipe
2026-06-11 18:38:14.216 - RealTimeSTT: realtimestt - INFO - None
2026-06-11 18:38:14.721 - RealTimeSTT: realtimestt - DEBUG - Terminating transcription process
2026-06-11 18:38:14.791 - RealTimeSTT: realtimestt - DEBUG - Finishing realtime thread
2026-06-11 18:38:14.874 - RealTimeSTT: realtimestt - INFO - KeyboardInterrupt in text() method
2026-06-12 11:11:58.047 - RealTimeSTT: realtimestt - INFO - Starting RealTimeSTT
2026-06-12 11:11:58.060 - RealTimeSTT: realtimestt - INFO - Initializing audio recording (creating pyAudio input stream, sample rate: 16000 buffer size: 512
2026-06-12 11:11:58.067 - RealTimeSTT: realtimestt - INFO - Initializing WebRTC voice with Sensitivity 3
2026-06-12 11:11:58.068 - RealTimeSTT: realtimestt - DEBUG - WebRTC VAD voice activity detection engine initialized successfully
2026-06-12 11:11:58.372 - RealTimeSTT: realtimestt - DEBUG - Silero VAD voice activity detection engine initialized successfully with backend raw_onnx_ifless
2026-06-12 11:11:58.374 - RealTimeSTT: realtimestt - DEBUG - Starting realtime worker
2026-06-12 11:11:58.375 - RealTimeSTT: realtimestt - DEBUG - Realtime transcription disabled; realtime worker exits
2026-06-12 11:11:58.375 - RealTimeSTT: realtimestt - DEBUG - Waiting for main transcription model to start
2026-06-12 11:15:02.816 - RealTimeSTT: realtimestt - DEBUG - Main transcription model ready
2026-06-12 11:15:02.817 - RealTimeSTT: realtimestt - DEBUG - RealtimeSTT initialization completed successfully
2026-06-12 11:15:02.817 - RealTimeSTT: realtimestt - INFO - Setting listen time
2026-06-12 11:15:02.817 - RealTimeSTT: realtimestt - INFO - State changed from 'inactive' to 'listening'
2026-06-12 11:15:02.819 - RealTimeSTT: realtimestt - DEBUG - Waiting for recording start
2026-06-12 11:15:05.064 - RealTimeSTT: realtimestt - INFO - voice activity detected
2026-06-12 11:15:05.064 - RealTimeSTT: realtimestt - INFO - recording started
2026-06-12 11:15:05.064 - RealTimeSTT: realtimestt - INFO - State changed from 'listening' to 'recording'
2026-06-12 11:15:05.064 - RealTimeSTT: realtimestt - DEBUG - Waiting for recording stop
2026-06-12 11:15:07.697 - RealTimeSTT: realtimestt - INFO - recording stopped
2026-06-12 11:15:07.699 - RealTimeSTT: realtimestt - DEBUG - No samples removed, final audio length: 58368
2026-06-12 11:15:07.699 - RealTimeSTT: realtimestt - INFO - State changed from 'recording' to 'inactive'
2026-06-12 11:15:07.795 - RealTimeSTT: realtimestt - INFO - State changed from 'inactive' to 'transcribing'
2026-06-12 11:15:07.796 - RealTimeSTT: realtimestt - DEBUG - Adding transcription request, no early transcription started
2026-06-12 11:15:07.798 - RealTimeSTT: realtimestt - DEBUG - Receive from parent_transcription_pipe after sendiung transcription request, transcribe_count: 1
2026-06-12 11:15:07.904 - RealTimeSTT: realtimestt - DEBUG - Receive from parent_transcription_pipe after sendiung transcription request, transcribe_count: 1
2026-06-12 11:15:08.013 - RealTimeSTT: realtimestt - DEBUG - Receive from parent_transcription_pipe after sendiung transcription request, transcribe_count: 1
2026-06-12 11:15:08.123 - RealTimeSTT: realtimestt - DEBUG - Receive from parent_transcription_pipe after sendiung transcription request, transcribe_count: 1
2026-06-12 11:15:08.231 - RealTimeSTT: realtimestt - DEBUG - Receive from parent_transcription_pipe after sendiung transcription request, transcribe_count: 1
2026-06-12 11:15:08.340 - RealTimeSTT: realtimestt - DEBUG - Receive from parent_transcription_pipe after sendiung transcription request, transcribe_count: 1
2026-06-12 11:15:08.450 - RealTimeSTT: realtimestt - DEBUG - Receive from parent_transcription_pipe after sendiung transcription request, transcribe_count: 1
2026-06-12 11:15:08.560 - RealTimeSTT: realtimestt - DEBUG - Receive from parent_transcription_pipe after sendiung transcription request, transcribe_count: 1
2026-06-12 11:15:08.669 - RealTimeSTT: realtimestt - DEBUG - Receive from parent_transcription_pipe after sendiung transcription request, transcribe_count: 1
2026-06-12 11:15:08.777 - RealTimeSTT: realtimestt - DEBUG - Receive from parent_transcription_pipe after sendiung transcription request, transcribe_count: 1
2026-06-12 11:15:08.886 - RealTimeSTT: realtimestt - DEBUG - Receive from parent_transcription_pipe after sendiung transcription request, transcribe_count: 1
2026-06-12 11:15:08.995 - RealTimeSTT: realtimestt - DEBUG - Receive from parent_transcription_pipe after sendiung transcription request, transcribe_count: 1
2026-06-12 11:15:09.106 - RealTimeSTT: realtimestt - DEBUG - Receive from parent_transcription_pipe after sendiung transcription request, transcribe_count: 1
2026-06-12 11:15:09.216 - RealTimeSTT: realtimestt - DEBUG - Receive from parent_transcription_pipe after sendiung transcription request, transcribe_count: 1
2026-06-12 11:15:09.323 - RealTimeSTT: realtimestt - DEBUG - Receive from parent_transcription_pipe after sendiung transcription request, transcribe_count: 1
2026-06-12 11:15:09.351 - RealTimeSTT: realtimestt - INFO - State changed from 'transcribing' to 'inactive'
2026-06-12 11:15:09.375 - RealTimeSTT: realtimestt - DEBUG - Model base completed transcription in 1.58 seconds
2026-06-12 11:15:09.375 - RealTimeSTT: realtimestt - INFO - Setting listen time
2026-06-12 11:15:09.375 - RealTimeSTT: realtimestt - INFO - State changed from 'inactive' to 'listening'
2026-06-12 11:15:09.376 - RealTimeSTT: realtimestt - DEBUG - Waiting for recording start
2026-06-12 11:15:10.641 - RealTimeSTT: realtimestt - INFO - voice activity detected
2026-06-12 11:15:10.641 - RealTimeSTT: realtimestt - INFO - recording started
2026-06-12 11:15:10.641 - RealTimeSTT: realtimestt - INFO - State changed from 'listening' to 'recording'
2026-06-12 11:15:10.641 - RealTimeSTT: realtimestt - DEBUG - Waiting for recording stop
2026-06-12 11:15:12.177 - RealTimeSTT: realtimestt - INFO - recording stopped
2026-06-12 11:15:12.179 - RealTimeSTT: realtimestt - DEBUG - No samples removed, final audio length: 40960
2026-06-12 11:15:12.180 - RealTimeSTT: realtimestt - INFO - State changed from 'recording' to 'inactive'
2026-06-12 11:15:12.192 - RealTimeSTT: realtimestt - INFO - State changed from 'inactive' to 'transcribing'
2026-06-12 11:15:12.194 - RealTimeSTT: realtimestt - DEBUG - Adding transcription request, no early transcription started
2026-06-12 11:15:12.194 - RealTimeSTT: realtimestt - DEBUG - Receive from parent_transcription_pipe after sendiung transcription request, transcribe_count: 1
2026-06-12 11:15:12.304 - RealTimeSTT: realtimestt - DEBUG - Receive from parent_transcription_pipe after sendiung transcription request, transcribe_count: 1
2026-06-12 11:15:12.370 - RealTimeSTT: realtimestt - INFO - voice activity detected
2026-06-12 11:15:12.370 - RealTimeSTT: realtimestt - INFO - recording started
2026-06-12 11:15:12.370 - RealTimeSTT: realtimestt - INFO - State changed from 'transcribing' to 'recording'
2026-06-12 11:15:12.405 - RealTimeSTT: realtimestt - DEBUG - Receive from parent_transcription_pipe after sendiung transcription request, transcribe_count: 1
2026-06-12 11:15:12.520 - RealTimeSTT: realtimestt - DEBUG - Receive from parent_transcription_pipe after sendiung transcription request, transcribe_count: 1
2026-06-12 11:15:12.622 - RealTimeSTT: realtimestt - DEBUG - Receive from parent_transcription_pipe after sendiung transcription request, transcribe_count: 1
2026-06-12 11:15:12.735 - RealTimeSTT: realtimestt - DEBUG - Receive from parent_transcription_pipe after sendiung transcription request, transcribe_count: 1
2026-06-12 11:15:12.838 - RealTimeSTT: realtimestt - DEBUG - Receive from parent_transcription_pipe after sendiung transcription request, transcribe_count: 1
2026-06-12 11:15:12.941 - RealTimeSTT: realtimestt - DEBUG - Receive from parent_transcription_pipe after sendiung transcription request, transcribe_count: 1
2026-06-12 11:15:13.055 - RealTimeSTT: realtimestt - DEBUG - Receive from parent_transcription_pipe after sendiung transcription request, transcribe_count: 1
2026-06-12 11:15:13.170 - RealTimeSTT: realtimestt - DEBUG - Receive from parent_transcription_pipe after sendiung transcription request, transcribe_count: 1
2026-06-12 11:15:13.287 - RealTimeSTT: realtimestt - DEBUG - Receive from parent_transcription_pipe after sendiung transcription request, transcribe_count: 1
2026-06-12 11:15:13.404 - RealTimeSTT: realtimestt - DEBUG - Receive from parent_transcription_pipe after sendiung transcription request, transcribe_count: 1
2026-06-12 11:15:13.519 - RealTimeSTT: realtimestt - DEBUG - Receive from parent_transcription_pipe after sendiung transcription request, transcribe_count: 1
2026-06-12 11:15:13.622 - RealTimeSTT: realtimestt - DEBUG - Receive from parent_transcription_pipe after sendiung transcription request, transcribe_count: 1
2026-06-12 11:15:13.625 - RealTimeSTT: realtimestt - DEBUG - Model base completed transcription in 1.43 seconds
2026-06-12 11:15:13.625 - RealTimeSTT: realtimestt - INFO - Setting listen time
2026-06-12 11:15:13.625 - RealTimeSTT: realtimestt - DEBUG - Waiting for recording stop
2026-06-12 11:15:37.202 - RealTimeSTT: realtimestt - INFO - recording stopped
2026-06-12 11:15:37.212 - RealTimeSTT: realtimestt - DEBUG - No samples removed, final audio length: 400896
2026-06-12 11:15:37.212 - RealTimeSTT: realtimestt - INFO - State changed from 'recording' to 'inactive'
2026-06-12 11:15:37.227 - RealTimeSTT: realtimestt - INFO - State changed from 'inactive' to 'transcribing'
2026-06-12 11:15:37.228 - RealTimeSTT: realtimestt - DEBUG - Adding transcription request, no early transcription started
2026-06-12 11:15:37.242 - RealTimeSTT: realtimestt - DEBUG - Receive from parent_transcription_pipe after sendiung transcription request, transcribe_count: 1
2026-06-12 11:15:37.346 - RealTimeSTT: realtimestt - DEBUG - Receive from parent_transcription_pipe after sendiung transcription request, transcribe_count: 1
2026-06-12 11:15:37.455 - RealTimeSTT: realtimestt - DEBUG - Receive from parent_transcription_pipe after sendiung transcription request, transcribe_count: 1
2026-06-12 11:15:37.565 - RealTimeSTT: realtimestt - DEBUG - Receive from parent_transcription_pipe after sendiung transcription request, transcribe_count: 1
2026-06-12 11:15:37.674 - RealTimeSTT: realtimestt - DEBUG - Receive from parent_transcription_pipe after sendiung transcription request, transcribe_count: 1
2026-06-12 11:15:37.782 - RealTimeSTT: realtimestt - DEBUG - Receive from parent_transcription_pipe after sendiung transcription request, transcribe_count: 1
2026-06-12 11:15:37.892 - RealTimeSTT: realtimestt - DEBUG - Receive from parent_transcription_pipe after sendiung transcription request, transcribe_count: 1
2026-06-12 11:15:38.000 - RealTimeSTT: realtimestt - DEBUG - Receive from parent_transcription_pipe after sendiung transcription request, transcribe_count: 1
2026-06-12 11:15:38.110 - RealTimeSTT: realtimestt - DEBUG - Receive from parent_transcription_pipe after sendiung transcription request, transcribe_count: 1
2026-06-12 11:15:38.221 - RealTimeSTT: realtimestt - DEBUG - Receive from parent_transcription_pipe after sendiung transcription request, transcribe_count: 1
2026-06-12 11:15:38.333 - RealTimeSTT: realtimestt - DEBUG - Receive from parent_transcription_pipe after sendiung transcription request, transcribe_count: 1
2026-06-12 11:15:38.434 - RealTimeSTT: realtimestt - DEBUG - Receive from parent_transcription_pipe after sendiung transcription request, transcribe_count: 1
2026-06-12 11:15:38.536 - RealTimeSTT: realtimestt - DEBUG - Receive from parent_transcription_pipe after sendiung transcription request, transcribe_count: 1
2026-06-12 11:15:38.650 - RealTimeSTT: realtimestt - DEBUG - Receive from parent_transcription_pipe after sendiung transcription request, transcribe_count: 1
2026-06-12 11:15:38.764 - RealTimeSTT: realtimestt - DEBUG - Receive from parent_transcription_pipe after sendiung transcription request, transcribe_count: 1
2026-06-12 11:15:38.867 - RealTimeSTT: realtimestt - DEBUG - Receive from parent_transcription_pipe after sendiung transcription request, transcribe_count: 1
2026-06-12 11:15:38.982 - RealTimeSTT: realtimestt - DEBUG - Receive from parent_transcription_pipe after sendiung transcription request, transcribe_count: 1
2026-06-12 11:15:39.082 - RealTimeSTT: realtimestt - DEBUG - Receive from parent_transcription_pipe after sendiung transcription request, transcribe_count: 1
2026-06-12 11:15:39.184 - RealTimeSTT: realtimestt - DEBUG - Receive from parent_transcription_pipe after sendiung transcription request, transcribe_count: 1
2026-06-12 11:15:39.297 - RealTimeSTT: realtimestt - DEBUG - Receive from parent_transcription_pipe after sendiung transcription request, transcribe_count: 1
2026-06-12 11:15:39.400 - RealTimeSTT: realtimestt - DEBUG - Receive from parent_transcription_pipe after sendiung transcription request, transcribe_count: 1
2026-06-12 11:15:39.501 - RealTimeSTT: realtimestt - DEBUG - Receive from parent_transcription_pipe after sendiung transcription request, transcribe_count: 1
2026-06-12 11:15:39.615 - RealTimeSTT: realtimestt - DEBUG - Receive from parent_transcription_pipe after sendiung transcription request, transcribe_count: 1
2026-06-12 11:15:39.717 - RealTimeSTT: realtimestt - DEBUG - Receive from parent_transcription_pipe after sendiung transcription request, transcribe_count: 1
2026-06-12 11:15:39.832 - RealTimeSTT: realtimestt - DEBUG - Receive from parent_transcription_pipe after sendiung transcription request, transcribe_count: 1
2026-06-12 11:15:39.935 - RealTimeSTT: realtimestt - DEBUG - Receive from parent_transcription_pipe after sendiung transcription request, transcribe_count: 1
2026-06-12 11:15:40.048 - RealTimeSTT: realtimestt - DEBUG - Receive from parent_transcription_pipe after sendiung transcription request, transcribe_count: 1
2026-06-12 11:15:40.083 - RealTimeSTT: realtimestt - INFO - State changed from 'transcribing' to 'inactive'
2026-06-12 11:15:40.130 - RealTimeSTT: realtimestt - DEBUG - Model base completed transcription in 2.90 seconds
2026-06-12 11:15:40.131 - RealTimeSTT: realtimestt - INFO - Setting listen time
2026-06-12 11:15:40.131 - RealTimeSTT: realtimestt - INFO - State changed from 'inactive' to 'listening'
2026-06-12 11:15:40.132 - RealTimeSTT: realtimestt - DEBUG - Waiting for recording start
2026-06-12 11:15:48.786 - RealTimeSTT: realtimestt - INFO - voice activity detected
2026-06-12 11:15:48.787 - RealTimeSTT: realtimestt - INFO - recording started
2026-06-12 11:15:48.787 - RealTimeSTT: realtimestt - INFO - State changed from 'listening' to 'recording'
2026-06-12 11:15:48.787 - RealTimeSTT: realtimestt - DEBUG - Waiting for recording stop
2026-06-12 11:16:00.754 - RealTimeSTT: realtimestt - INFO - recording stopped
2026-06-12 11:16:00.760 - RealTimeSTT: realtimestt - DEBUG - No samples removed, final audio length: 207872
2026-06-12 11:16:00.760 - RealTimeSTT: realtimestt - INFO - State changed from 'recording' to 'inactive'
2026-06-12 11:16:00.829 - RealTimeSTT: realtimestt - INFO - State changed from 'inactive' to 'transcribing'
2026-06-12 11:16:00.831 - RealTimeSTT: realtimestt - DEBUG - Adding transcription request, no early transcription started
2026-06-12 11:16:00.849 - RealTimeSTT: realtimestt - DEBUG - Receive from parent_transcription_pipe after sendiung transcription request, transcribe_count: 1
2026-06-12 11:16:00.962 - RealTimeSTT: realtimestt - DEBUG - Receive from parent_transcription_pipe after sendiung transcription request, transcribe_count: 1
2026-06-12 11:16:01.063 - RealTimeSTT: realtimestt - DEBUG - Receive from parent_transcription_pipe after sendiung transcription request, transcribe_count: 1
2026-06-12 11:16:01.164 - RealTimeSTT: realtimestt - DEBUG - Receive from parent_transcription_pipe after sendiung transcription request, transcribe_count: 1
2026-06-12 11:16:01.265 - RealTimeSTT: realtimestt - DEBUG - Receive from parent_transcription_pipe after sendiung transcription request, transcribe_count: 1
2026-06-12 11:16:01.330 - RealTimeSTT: realtimestt - INFO - voice activity detected
2026-06-12 11:16:01.330 - RealTimeSTT: realtimestt - INFO - recording started
2026-06-12 11:16:01.330 - RealTimeSTT: realtimestt - INFO - State changed from 'transcribing' to 'recording'
2026-06-12 11:16:01.370 - RealTimeSTT: realtimestt - DEBUG - Receive from parent_transcription_pipe after sendiung transcription request, transcribe_count: 1
2026-06-12 11:16:01.481 - RealTimeSTT: realtimestt - DEBUG - Receive from parent_transcription_pipe after sendiung transcription request, transcribe_count: 1
2026-06-12 11:16:01.582 - RealTimeSTT: realtimestt - DEBUG - Receive from parent_transcription_pipe after sendiung transcription request, transcribe_count: 1
2026-06-12 11:16:01.697 - RealTimeSTT: realtimestt - DEBUG - Receive from parent_transcription_pipe after sendiung transcription request, transcribe_count: 1
2026-06-12 11:16:01.811 - RealTimeSTT: realtimestt - DEBUG - Receive from parent_transcription_pipe after sendiung transcription request, transcribe_count: 1
2026-06-12 11:16:01.912 - RealTimeSTT: realtimestt - DEBUG - Receive from parent_transcription_pipe after sendiung transcription request, transcribe_count: 1
2026-06-12 11:16:02.027 - RealTimeSTT: realtimestt - DEBUG - Receive from parent_transcription_pipe after sendiung transcription request, transcribe_count: 1
2026-06-12 11:16:02.129 - RealTimeSTT: realtimestt - DEBUG - Receive from parent_transcription_pipe after sendiung transcription request, transcribe_count: 1
2026-06-12 11:16:02.244 - RealTimeSTT: realtimestt - DEBUG - Receive from parent_transcription_pipe after sendiung transcription request, transcribe_count: 1
2026-06-12 11:16:02.355 - RealTimeSTT: realtimestt - DEBUG - Receive from parent_transcription_pipe after sendiung transcription request, transcribe_count: 1
2026-06-12 11:16:02.463 - RealTimeSTT: realtimestt - DEBUG - Receive from parent_transcription_pipe after sendiung transcription request, transcribe_count: 1
2026-06-12 11:16:02.488 - RealTimeSTT: realtimestt - DEBUG - Model base completed transcription in 1.66 seconds
2026-06-12 11:16:02.488 - RealTimeSTT: realtimestt - INFO - Setting listen time
2026-06-12 11:16:02.488 - RealTimeSTT: realtimestt - DEBUG - Waiting for recording stop
2026-06-12 11:16:02.674 - RealTimeSTT: realtimestt - INFO - recording stopped
2026-06-12 11:16:02.675 - RealTimeSTT: realtimestt - DEBUG - No samples removed, final audio length: 31232
2026-06-12 11:16:02.675 - RealTimeSTT: realtimestt - INFO - State changed from 'recording' to 'inactive'
2026-06-12 11:16:02.752 - RealTimeSTT: realtimestt - INFO - State changed from 'inactive' to 'transcribing'
2026-06-12 11:16:02.753 - RealTimeSTT: realtimestt - DEBUG - Adding transcription request, no early transcription started
2026-06-12 11:16:02.770 - RealTimeSTT: realtimestt - DEBUG - Receive from parent_transcription_pipe after sendiung transcription request, transcribe_count: 1
2026-06-12 11:16:02.874 - RealTimeSTT: realtimestt - DEBUG - Receive from parent_transcription_pipe after sendiung transcription request, transcribe_count: 1
2026-06-12 11:16:02.983 - RealTimeSTT: realtimestt - DEBUG - Receive from parent_transcription_pipe after sendiung transcription request, transcribe_count: 1
2026-06-12 11:16:03.092 - RealTimeSTT: realtimestt - DEBUG - Receive from parent_transcription_pipe after sendiung transcription request, transcribe_count: 1
2026-06-12 11:16:03.201 - RealTimeSTT: realtimestt - DEBUG - Receive from parent_transcription_pipe after sendiung transcription request, transcribe_count: 1
2026-06-12 11:16:03.309 - RealTimeSTT: realtimestt - DEBUG - Receive from parent_transcription_pipe after sendiung transcription request, transcribe_count: 1
2026-06-12 11:16:03.418 - RealTimeSTT: realtimestt - DEBUG - Receive from parent_transcription_pipe after sendiung transcription request, transcribe_count: 1
2026-06-12 11:16:03.528 - RealTimeSTT: realtimestt - DEBUG - Receive from parent_transcription_pipe after sendiung transcription request, transcribe_count: 1
2026-06-12 11:16:03.636 - RealTimeSTT: realtimestt - DEBUG - Receive from parent_transcription_pipe after sendiung transcription request, transcribe_count: 1
2026-06-12 11:16:03.745 - RealTimeSTT: realtimestt - DEBUG - Receive from parent_transcription_pipe after sendiung transcription request, transcribe_count: 1
2026-06-12 11:16:03.853 - RealTimeSTT: realtimestt - DEBUG - Receive from parent_transcription_pipe after sendiung transcription request, transcribe_count: 1
2026-06-12 11:16:03.961 - RealTimeSTT: realtimestt - DEBUG - Receive from parent_transcription_pipe after sendiung transcription request, transcribe_count: 1
2026-06-12 11:16:04.070 - RealTimeSTT: realtimestt - DEBUG - Receive from parent_transcription_pipe after sendiung transcription request, transcribe_count: 1
2026-06-12 11:16:04.180 - RealTimeSTT: realtimestt - DEBUG - Receive from parent_transcription_pipe after sendiung transcription request, transcribe_count: 1
2026-06-12 11:16:04.226 - RealTimeSTT: realtimestt - INFO - State changed from 'transcribing' to 'inactive'
2026-06-12 11:16:04.228 - RealTimeSTT: realtimestt - DEBUG - Model base completed transcription in 1.47 seconds
2026-06-12 11:16:04.229 - RealTimeSTT: realtimestt - INFO - Setting listen time
2026-06-12 11:16:04.229 - RealTimeSTT: realtimestt - INFO - State changed from 'inactive' to 'listening'
2026-06-12 11:16:04.230 - RealTimeSTT: realtimestt - DEBUG - Waiting for recording start
2026-06-12 11:16:11.570 - RealTimeSTT: realtimestt - INFO - KeyboardInterrupt in wait_audio, shutting down
2026-06-12 11:16:11.571 - RealTimeSTT: realtimestt - DEBUG - Finishing recording thread
2026-06-12 11:16:11.586 - RealTimeSTT: realtimestt - DEBUG - Terminating reader process
2026-06-12 11:16:12.089 - RealTimeSTT: realtimestt - DEBUG - Terminating transcription process
2026-06-12 11:16:12.218 - RealTimeSTT: realtimestt - DEBUG - Finishing realtime thread
2026-06-12 11:16:12.288 - RealTimeSTT: realtimestt - INFO - KeyboardInterrupt in text() method
